-------------------------------------------------------------------------------
Test set: com.example.smarthomecommondal.SmartHomeCommonDalApplicationTests
-------------------------------------------------------------------------------
Tests run: 1, Failures: 0, Errors: 1, Skipped: 0, Time elapsed: 0.104 s <<< FAILURE! - in com.example.smarthomecommondal.SmartHomeCommonDalApplicationTests
com.example.smarthomecommondal.SmartHomeCommonDalApplicationTests  Time elapsed: 0.103 s  <<< ERROR!
java.lang.IllegalStateException: Unable to find a @SpringBootConfiguration, you need to use @ContextConfiguration or @SpringBootTest(classes=...) with your test

